<?xml version="1.0" encoding="UTF-8"?>
<!-- Generated by org.testng.reporters.JUnitReportReporter -->
<testsuite skipped="3" hostname="VIBHJAIN-G2C5W" name="com.cisco.automation.modules.user.TestUser" tests="3" failures="0" timestamp="13 Mar 2018 05:06:43 GMT" time="0.001" errors="0">
  <testcase name="TestDependency1" time="0.000" classname="com.cisco.automation.modules.user.TestUser">
    <skipped/>
  </testcase> <!-- TestDependency1 -->
  <testcase name="TestDependency3" time="0.000" classname="com.cisco.automation.modules.user.TestUser">
    <skipped/>
  </testcase> <!-- TestDependency3 -->
  <testcase name="TestDependency2" time="0.001" classname="com.cisco.automation.modules.user.TestUser">
    <skipped/>
  </testcase> <!-- TestDependency2 -->
</testsuite> <!-- com.cisco.automation.modules.user.TestUser -->
