<?xml version="1.0" encoding="UTF-8"?>
<!-- Generated by org.testng.reporters.JUnitReportReporter -->
<testsuite skipped="1" hostname="VIBHJAIN-G2C5W" name="com.cisco.automation.modules.blog.TestBlog" tests="2" failures="0" timestamp="13 Mar 2018 05:06:43 GMT" time="0.001" errors="1">
  <testcase name="Test1" time="0.001" classname="com.cisco.automation.modules.blog.TestBlog">
    <skipped/>
  </testcase> <!-- Test1 -->
  <testcase name="setup" time="0.000" classname="com.cisco.automation.modules.blog.TestBlog">
    <error type="org.testng.TestNGException" message="
Parameter &#039;server_ip&#039; is required by BeforeSuite on method setup but has not been marked @Optional or defined
in C:\Users\vibhjain\Desktop\CISCO_DOCS\STUDY_18\GIT_CMAD_TESTNG\TestNGAutomation\src\main\resources\suites\testng-parameter.xml">
      <![CDATA[org.testng.TestNGException: 
Parameter 'server_ip' is required by BeforeSuite on method setup but has not been marked @Optional or defined
in C:\Users\vibhjain\Desktop\CISCO_DOCS\STUDY_18\GIT_CMAD_TESTNG\TestNGAutomation\src\main\resources\suites\testng-parameter.xml
	at org.testng.internal.Parameters.createParameters(Parameters.java:199)
	at org.testng.internal.Parameters.createParameters(Parameters.java:443)
	at org.testng.internal.Parameters.createConfigurationParameters(Parameters.java:118)
	at org.testng.internal.Invoker.invokeConfigurations(Invoker.java:206)
	at org.testng.internal.Invoker.invokeConfigurations(Invoker.java:146)
	at org.testng.SuiteRunner.privateRun(SuiteRunner.java:326)
	at org.testng.SuiteRunner.run(SuiteRunner.java:289)
	at org.testng.SuiteRunnerWorker.runSuite(SuiteRunnerWorker.java:52)
	at org.testng.SuiteRunnerWorker.run(SuiteRunnerWorker.java:86)
	at org.testng.TestNG.runSuitesSequentially(TestNG.java:1301)
	at org.testng.TestNG.runSuitesLocally(TestNG.java:1226)
	at org.testng.TestNG.runSuites(TestNG.java:1144)
	at org.testng.TestNG.run(TestNG.java:1115)
	at org.testng.remote.AbstractRemoteTestNG.run(AbstractRemoteTestNG.java:114)
	at org.testng.remote.RemoteTestNG.initAndRun(RemoteTestNG.java:251)
	at org.testng.remote.RemoteTestNG.main(RemoteTestNG.java:77)
]]>
    </error>
  </testcase> <!-- setup -->
</testsuite> <!-- com.cisco.automation.modules.blog.TestBlog -->
