<?xml version="1.0" encoding="UTF-8"?>
<!-- Generated by org.testng.reporters.JUnitReportReporter -->
<testsuite skipped="0" hostname="VIBHJAIN-G2C5W" name="com.cisco.automation.modules.fault.TestFault" tests="1" failures="0" timestamp="24 Feb 2018 04:38:53 GMT" time="0.014" errors="0">
  <testcase name="Test1" time="0.014" classname="com.cisco.automation.modules.fault.TestFault"/>
</testsuite> <!-- com.cisco.automation.modules.fault.TestFault -->
