<?xml version="1.0" encoding="UTF-8"?>
<!-- Generated by org.testng.reporters.JUnitReportReporter -->
<testsuite skipped="0" hostname="VIBHJAIN-G2C5W" name="com.cisco.automation.modules.user.TestUser" tests="3" failures="0" timestamp="13 Mar 2018 05:20:52 GMT" time="0.008" errors="0">
  <testcase name="TestDependency3" time="0.002" classname="com.cisco.automation.modules.user.TestUser"/>
  <testcase name="TestDependency1" time="0.001" classname="com.cisco.automation.modules.user.TestUser"/>
  <testcase name="TestDependency2" time="0.005" classname="com.cisco.automation.modules.user.TestUser"/>
</testsuite> <!-- com.cisco.automation.modules.user.TestUser -->
