<?xml version="1.0" encoding="UTF-8"?>
<!-- Generated by org.testng.reporters.JUnitReportReporter -->
<testsuite skipped="0" hostname="VIBHJAIN-G2C5W" name="com.cisco.automation.modules.blog.TestBlog" tests="1" failures="0" timestamp="13 Mar 2018 05:20:52 GMT" time="0.001" errors="0">
  <testcase name="Test1" time="0.001" classname="com.cisco.automation.modules.blog.TestBlog"/>
</testsuite> <!-- com.cisco.automation.modules.blog.TestBlog -->
