<?xml version="1.0" encoding="UTF-8"?>
<!-- Generated by org.testng.reporters.JUnitReportReporter -->
<testsuite skipped="0" hostname="VIBHJAIN-G2C5W" name="com.cisco.automation.modules.fault.TestFault" tests="1" failures="0" timestamp="28 Feb 2018 05:54:16 GMT" time="0.001" errors="0">
  <testcase name="Test1" time="0.001" classname="com.cisco.automation.modules.fault.TestFault"/>
</testsuite> <!-- com.cisco.automation.modules.fault.TestFault -->
