<?xml version="1.0" encoding="UTF-8"?>
<!-- Generated by org.testng.reporters.JUnitReportReporter -->
<testsuite skipped="0" hostname="VIBHJAIN-G2C5W" name="com.cisco.automation.modules.inv.TestInv" tests="1" failures="0" timestamp="24 Feb 2018 02:12:04 GMT" time="0.001" errors="0">
  <testcase name="Test1" time="0.001" classname="com.cisco.automation.modules.inv.TestInv"/>
</testsuite> <!-- com.cisco.automation.modules.inv.TestInv -->
